{"total": {"lines":{"total":314,"covered":157,"skipped":0,"pct":50},"statements":{"total":314,"covered":157,"skipped":0,"pct":50},"functions":{"total":73,"covered":24,"skipped":0,"pct":32.88},"branches":{"total":109,"covered":19,"skipped":0,"pct":17.43}}
,"F:\\jeniffer\\code\\Farmlybackend\\controllers\\auth.js": {"lines":{"total":41,"covered":25,"skipped":0,"pct":60.98},"functions":{"total":11,"covered":6,"skipped":0,"pct":54.55},"statements":{"total":41,"covered":25,"skipped":0,"pct":60.98},"branches":{"total":19,"covered":6,"skipped":0,"pct":31.58}}
,"F:\\jeniffer\\code\\Farmlybackend\\controllers\\category.js": {"lines":{"total":35,"covered":20,"skipped":0,"pct":57.14},"functions":{"total":11,"covered":7,"skipped":0,"pct":63.64},"statements":{"total":35,"covered":20,"skipped":0,"pct":57.14},"branches":{"total":14,"covered":6,"skipped":0,"pct":42.86}}
,"F:\\jeniffer\\code\\Farmlybackend\\controllers\\orders.js": {"lines":{"total":45,"covered":9,"skipped":0,"pct":20},"functions":{"total":15,"covered":0,"skipped":0,"pct":0},"statements":{"total":45,"covered":9,"skipped":0,"pct":20},"branches":{"total":14,"covered":0,"skipped":0,"pct":0}}
,"F:\\jeniffer\\code\\Farmlybackend\\controllers\\product.js": {"lines":{"total":69,"covered":8,"skipped":0,"pct":11.59},"functions":{"total":17,"covered":0,"skipped":0,"pct":0},"statements":{"total":69,"covered":8,"skipped":0,"pct":11.59},"branches":{"total":39,"covered":0,"skipped":0,"pct":0}}
,"F:\\jeniffer\\code\\Farmlybackend\\controllers\\user.js": {"lines":{"total":48,"covered":27,"skipped":0,"pct":56.25},"functions":{"total":16,"covered":11,"skipped":0,"pct":68.75},"statements":{"total":48,"covered":27,"skipped":0,"pct":56.25},"branches":{"total":21,"covered":7,"skipped":0,"pct":33.33}}
,"F:\\jeniffer\\code\\Farmlybackend\\models\\cart.js": {"lines":{"total":2,"covered":0,"skipped":0,"pct":0},"functions":{"total":0,"covered":0,"skipped":0,"pct":100},"statements":{"total":2,"covered":0,"skipped":0,"pct":0},"branches":{"total":0,"covered":0,"skipped":0,"pct":100}}
,"F:\\jeniffer\\code\\Farmlybackend\\models\\category.js": {"lines":{"total":2,"covered":2,"skipped":0,"pct":100},"functions":{"total":0,"covered":0,"skipped":0,"pct":100},"statements":{"total":2,"covered":2,"skipped":0,"pct":100},"branches":{"total":0,"covered":0,"skipped":0,"pct":100}}
,"F:\\jeniffer\\code\\Farmlybackend\\models\\index.js": {"lines":{"total":0,"covered":0,"skipped":0,"pct":100},"functions":{"total":0,"covered":0,"skipped":0,"pct":100},"statements":{"total":0,"covered":0,"skipped":0,"pct":100},"branches":{"total":0,"covered":0,"skipped":0,"pct":100}}
,"F:\\jeniffer\\code\\Farmlybackend\\models\\order.js": {"lines":{"total":6,"covered":6,"skipped":0,"pct":100},"functions":{"total":0,"covered":0,"skipped":0,"pct":100},"statements":{"total":6,"covered":6,"skipped":0,"pct":100},"branches":{"total":0,"covered":0,"skipped":0,"pct":100}}
,"F:\\jeniffer\\code\\Farmlybackend\\models\\product.js": {"lines":{"total":3,"covered":3,"skipped":0,"pct":100},"functions":{"total":0,"covered":0,"skipped":0,"pct":100},"statements":{"total":3,"covered":3,"skipped":0,"pct":100},"branches":{"total":0,"covered":0,"skipped":0,"pct":100}}
,"F:\\jeniffer\\code\\Farmlybackend\\models\\user.js": {"lines":{"total":2,"covered":2,"skipped":0,"pct":100},"functions":{"total":0,"covered":0,"skipped":0,"pct":100},"statements":{"total":2,"covered":2,"skipped":0,"pct":100},"branches":{"total":0,"covered":0,"skipped":0,"pct":100}}
,"F:\\jeniffer\\code\\Farmlybackend\\routes\\auth.js": {"lines":{"total":4,"covered":4,"skipped":0,"pct":100},"functions":{"total":0,"covered":0,"skipped":0,"pct":100},"statements":{"total":4,"covered":4,"skipped":0,"pct":100},"branches":{"total":0,"covered":0,"skipped":0,"pct":100}}
,"F:\\jeniffer\\code\\Farmlybackend\\routes\\category.js": {"lines":{"total":8,"covered":8,"skipped":0,"pct":100},"functions":{"total":0,"covered":0,"skipped":0,"pct":100},"statements":{"total":8,"covered":8,"skipped":0,"pct":100},"branches":{"total":0,"covered":0,"skipped":0,"pct":100}}
,"F:\\jeniffer\\code\\Farmlybackend\\routes\\index.js": {"lines":{"total":0,"covered":0,"skipped":0,"pct":100},"functions":{"total":0,"covered":0,"skipped":0,"pct":100},"statements":{"total":0,"covered":0,"skipped":0,"pct":100},"branches":{"total":0,"covered":0,"skipped":0,"pct":100}}
,"F:\\jeniffer\\code\\Farmlybackend\\routes\\orders.js": {"lines":{"total":9,"covered":9,"skipped":0,"pct":100},"functions":{"total":0,"covered":0,"skipped":0,"pct":100},"statements":{"total":9,"covered":9,"skipped":0,"pct":100},"branches":{"total":0,"covered":0,"skipped":0,"pct":100}}
,"F:\\jeniffer\\code\\Farmlybackend\\routes\\product.js": {"lines":{"total":9,"covered":9,"skipped":0,"pct":100},"functions":{"total":0,"covered":0,"skipped":0,"pct":100},"statements":{"total":9,"covered":9,"skipped":0,"pct":100},"branches":{"total":0,"covered":0,"skipped":0,"pct":100}}
,"F:\\jeniffer\\code\\Farmlybackend\\routes\\user.js": {"lines":{"total":9,"covered":9,"skipped":0,"pct":100},"functions":{"total":0,"covered":0,"skipped":0,"pct":100},"statements":{"total":9,"covered":9,"skipped":0,"pct":100},"branches":{"total":0,"covered":0,"skipped":0,"pct":100}}
,"F:\\jeniffer\\code\\Farmlybackend\\tests\\testserver.js": {"lines":{"total":22,"covered":16,"skipped":0,"pct":72.73},"functions":{"total":3,"covered":0,"skipped":0,"pct":0},"statements":{"total":22,"covered":16,"skipped":0,"pct":72.73},"branches":{"total":2,"covered":0,"skipped":0,"pct":0}}
}
