{"F:\\jeniffer\\code\\Farmlybackend\\controllers\\auth.js": {"path":"F:\\jeniffer\\code\\Farmlybackend\\controllers\\auth.js","statementMap":{"0":{"start":{"line":6,"column":0},"end":{"line":6,"column":16}},"1":{"start":{"line":8,"column":24},"end":{"line":33,"column":1}},"2":{"start":{"line":9,"column":21},"end":{"line":9,"column":66}},"3":{"start":{"line":10,"column":2},"end":{"line":14,"column":3}},"4":{"start":{"line":11,"column":4},"end":{"line":13,"column":7}},"5":{"start":{"line":16,"column":2},"end":{"line":32,"column":5}},"6":{"start":{"line":17,"column":4},"end":{"line":17,"column":29}},"7":{"start":{"line":18,"column":17},"end":{"line":18,"column":35}},"8":{"start":{"line":19,"column":4},"end":{"line":31,"column":9}},"9":{"start":{"line":22,"column":8},"end":{"line":25,"column":11}},"10":{"start":{"line":28,"column":8},"end":{"line":30,"column":11}},"11":{"start":{"line":34,"column":21},"end":{"line":62,"column":1}},"12":{"start":{"line":35,"column":30},"end":{"line":35,"column":38}},"13":{"start":{"line":37,"column":2},"end":{"line":60,"column":5}},"14":{"start":{"line":38,"column":4},"end":{"line":42,"column":5}},"15":{"start":{"line":39,"column":6},"end":{"line":41,"column":9}},"16":{"start":{"line":44,"column":4},"end":{"line":59,"column":5}},"17":{"start":{"line":45,"column":6},"end":{"line":58,"column":9}},"18":{"start":{"line":46,"column":8},"end":{"line":57,"column":9}},"19":{"start":{"line":47,"column":10},"end":{"line":49,"column":13}},"20":{"start":{"line":51,"column":24},"end":{"line":51,"column":75}},"21":{"start":{"line":52,"column":10},"end":{"line":52,"column":64}},"22":{"start":{"line":53,"column":51},"end":{"line":53,"column":55}},"23":{"start":{"line":56,"column":10},"end":{"line":56,"column":83}},"24":{"start":{"line":63,"column":22},"end":{"line":66,"column":1}},"25":{"start":{"line":64,"column":2},"end":{"line":64,"column":23}},"26":{"start":{"line":65,"column":2},"end":{"line":65,"column":49}},"27":{"start":{"line":68,"column":29},"end":{"line":73,"column":2}},"28":{"start":{"line":75,"column":22},"end":{"line":84,"column":1}},"29":{"start":{"line":76,"column":13},"end":{"line":76,"column":71}},"30":{"start":{"line":78,"column":3},"end":{"line":82,"column":3}},"31":{"start":{"line":79,"column":6},"end":{"line":81,"column":9}},"32":{"start":{"line":83,"column":2},"end":{"line":83,"column":9}},"33":{"start":{"line":86,"column":24},"end":{"line":93,"column":1}},"34":{"start":{"line":87,"column":2},"end":{"line":91,"column":3}},"35":{"start":{"line":88,"column":6},"end":{"line":90,"column":9}},"36":{"start":{"line":92,"column":2},"end":{"line":92,"column":9}},"37":{"start":{"line":94,"column":23},"end":{"line":101,"column":1}},"38":{"start":{"line":95,"column":2},"end":{"line":99,"column":3}},"39":{"start":{"line":96,"column":6},"end":{"line":98,"column":9}},"40":{"start":{"line":100,"column":2},"end":{"line":100,"column":9}}},"fnMap":{"0":{"name":"(anonymous_0)","decl":{"start":{"line":8,"column":24},"end":{"line":8,"column":25}},"loc":{"start":{"line":8,"column":50},"end":{"line":33,"column":1}},"line":8},"1":{"name":"(anonymous_1)","decl":{"start":{"line":16,"column":42},"end":{"line":16,"column":43}},"loc":{"start":{"line":16,"column":52},"end":{"line":32,"column":3}},"line":16},"2":{"name":"(anonymous_2)","decl":{"start":{"line":21,"column":12},"end":{"line":21,"column":13}},"loc":{"start":{"line":21,"column":18},"end":{"line":26,"column":7}},"line":21},"3":{"name":"(anonymous_3)","decl":{"start":{"line":27,"column":13},"end":{"line":27,"column":14}},"loc":{"start":{"line":27,"column":24},"end":{"line":31,"column":7}},"line":27},"4":{"name":"(anonymous_4)","decl":{"start":{"line":34,"column":21},"end":{"line":34,"column":22}},"loc":{"start":{"line":34,"column":41},"end":{"line":62,"column":1}},"line":34},"5":{"name":"(anonymous_5)","decl":{"start":{"line":37,"column":26},"end":{"line":37,"column":27}},"loc":{"start":{"line":37,"column":41},"end":{"line":60,"column":3}},"line":37},"6":{"name":"(anonymous_6)","decl":{"start":{"line":45,"column":46},"end":{"line":45,"column":47}},"loc":{"start":{"line":45,"column":63},"end":{"line":58,"column":7}},"line":45},"7":{"name":"(anonymous_7)","decl":{"start":{"line":63,"column":22},"end":{"line":63,"column":23}},"loc":{"start":{"line":63,"column":36},"end":{"line":66,"column":1}},"line":63},"8":{"name":"(anonymous_8)","decl":{"start":{"line":75,"column":22},"end":{"line":75,"column":23}},"loc":{"start":{"line":75,"column":42},"end":{"line":84,"column":1}},"line":75},"9":{"name":"(anonymous_9)","decl":{"start":{"line":86,"column":24},"end":{"line":86,"column":25}},"loc":{"start":{"line":86,"column":44},"end":{"line":93,"column":1}},"line":86},"10":{"name":"(anonymous_10)","decl":{"start":{"line":94,"column":23},"end":{"line":94,"column":24}},"loc":{"start":{"line":94,"column":43},"end":{"line":101,"column":1}},"line":94}},"branchMap":{"0":{"loc":{"start":{"line":10,"column":2},"end":{"line":14,"column":3}},"type":"if","locations":[{"start":{"line":10,"column":2},"end":{"line":14,"column":3}},{"start":{"line":10,"column":2},"end":{"line":14,"column":3}}],"line":10},"1":{"loc":{"start":{"line":38,"column":4},"end":{"line":42,"column":5}},"type":"if","locations":[{"start":{"line":38,"column":4},"end":{"line":42,"column":5}},{"start":{"line":38,"column":4},"end":{"line":42,"column":5}}],"line":38},"2":{"loc":{"start":{"line":38,"column":8},"end":{"line":38,"column":20}},"type":"binary-expr","locations":[{"start":{"line":38,"column":8},"end":{"line":38,"column":11}},{"start":{"line":38,"column":15},"end":{"line":38,"column":20}}],"line":38},"3":{"loc":{"start":{"line":44,"column":4},"end":{"line":59,"column":5}},"type":"if","locations":[{"start":{"line":44,"column":4},"end":{"line":59,"column":5}},{"start":{"line":44,"column":4},"end":{"line":59,"column":5}}],"line":44},"4":{"loc":{"start":{"line":46,"column":8},"end":{"line":57,"column":9}},"type":"if","locations":[{"start":{"line":46,"column":8},"end":{"line":57,"column":9}},{"start":{"line":46,"column":8},"end":{"line":57,"column":9}}],"line":46},"5":{"loc":{"start":{"line":76,"column":13},"end":{"line":76,"column":71}},"type":"binary-expr","locations":[{"start":{"line":76,"column":13},"end":{"line":76,"column":24}},{"start":{"line":76,"column":28},"end":{"line":76,"column":36}},{"start":{"line":76,"column":40},"end":{"line":76,"column":71}}],"line":76},"6":{"loc":{"start":{"line":78,"column":3},"end":{"line":82,"column":3}},"type":"if","locations":[{"start":{"line":78,"column":3},"end":{"line":82,"column":3}},{"start":{"line":78,"column":3},"end":{"line":82,"column":3}}],"line":78},"7":{"loc":{"start":{"line":87,"column":2},"end":{"line":91,"column":3}},"type":"if","locations":[{"start":{"line":87,"column":2},"end":{"line":91,"column":3}},{"start":{"line":87,"column":2},"end":{"line":91,"column":3}}],"line":87},"8":{"loc":{"start":{"line":95,"column":2},"end":{"line":99,"column":3}},"type":"if","locations":[{"start":{"line":95,"column":2},"end":{"line":99,"column":3}},{"start":{"line":95,"column":2},"end":{"line":99,"column":3}}],"line":95}},"s":{"0":1,"1":1,"2":0,"3":0,"4":0,"5":0,"6":0,"7":0,"8":0,"9":0,"10":0,"11":1,"12":0,"13":0,"14":0,"15":0,"16":0,"17":0,"18":0,"19":0,"20":0,"21":0,"22":0,"23":0,"24":1,"25":0,"26":0,"27":1,"28":1,"29":0,"30":0,"31":0,"32":0,"33":1,"34":0,"35":0,"36":0,"37":1,"38":0,"39":0,"40":0},"f":{"0":0,"1":0,"2":0,"3":0,"4":0,"5":0,"6":0,"7":0,"8":0,"9":0,"10":0},"b":{"0":[0,0],"1":[0,0],"2":[0,0],"3":[0,0],"4":[0,0],"5":[0,0,0],"6":[0,0],"7":[0,0],"8":[0,0]},"_coverageSchema":"1a1c01bbd47fc00a2c39e90264f33305004495a9","hash":"3e6d97814367390bcef343ecf1ea7f194452c1b3"}
,"F:\\jeniffer\\code\\Farmlybackend\\controllers\\category.js": {"path":"F:\\jeniffer\\code\\Farmlybackend\\controllers\\category.js","statementMap":{"0":{"start":{"line":4,"column":28},"end":{"line":14,"column":1}},"1":{"start":{"line":5,"column":2},"end":{"line":13,"column":5}},"2":{"start":{"line":6,"column":4},"end":{"line":10,"column":5}},"3":{"start":{"line":7,"column":6},"end":{"line":9,"column":9}},"4":{"start":{"line":11,"column":4},"end":{"line":11,"column":28}},"5":{"start":{"line":12,"column":4},"end":{"line":12,"column":11}},"6":{"start":{"line":17,"column":21},"end":{"line":35,"column":1}},"7":{"start":{"line":18,"column":26},"end":{"line":20,"column":6}},"8":{"start":{"line":21,"column":4},"end":{"line":23,"column":5}},"9":{"start":{"line":22,"column":8},"end":{"line":22,"column":71}},"10":{"start":{"line":24,"column":19},"end":{"line":24,"column":41}},"11":{"start":{"line":26,"column":2},"end":{"line":34,"column":5}},"12":{"start":{"line":27,"column":4},"end":{"line":32,"column":5}},"13":{"start":{"line":29,"column":6},"end":{"line":31,"column":9}},"14":{"start":{"line":33,"column":4},"end":{"line":33,"column":23}},"15":{"start":{"line":37,"column":31},"end":{"line":39,"column":1}},"16":{"start":{"line":38,"column":2},"end":{"line":38,"column":32}},"17":{"start":{"line":42,"column":22},"end":{"line":53,"column":1}},"18":{"start":{"line":43,"column":19},"end":{"line":43,"column":31}},"19":{"start":{"line":44,"column":2},"end":{"line":44,"column":32}},"20":{"start":{"line":45,"column":2},"end":{"line":52,"column":5}},"21":{"start":{"line":46,"column":4},"end":{"line":50,"column":5}},"22":{"start":{"line":47,"column":6},"end":{"line":49,"column":9}},"23":{"start":{"line":51,"column":4},"end":{"line":51,"column":19}},"24":{"start":{"line":56,"column":22},"end":{"line":68,"column":1}},"25":{"start":{"line":57,"column":23},"end":{"line":57,"column":26}},"26":{"start":{"line":58,"column":2},"end":{"line":67,"column":5}},"27":{"start":{"line":59,"column":4},"end":{"line":63,"column":5}},"28":{"start":{"line":60,"column":6},"end":{"line":62,"column":9}},"29":{"start":{"line":64,"column":4},"end":{"line":66,"column":7}},"30":{"start":{"line":70,"column":32},"end":{"line":79,"column":1}},"31":{"start":{"line":71,"column":2},"end":{"line":78,"column":5}},"32":{"start":{"line":72,"column":4},"end":{"line":76,"column":5}},"33":{"start":{"line":73,"column":6},"end":{"line":75,"column":9}},"34":{"start":{"line":77,"column":4},"end":{"line":77,"column":19}}},"fnMap":{"0":{"name":"(anonymous_0)","decl":{"start":{"line":4,"column":28},"end":{"line":4,"column":29}},"loc":{"start":{"line":4,"column":52},"end":{"line":14,"column":1}},"line":4},"1":{"name":"(anonymous_1)","decl":{"start":{"line":5,"column":29},"end":{"line":5,"column":30}},"loc":{"start":{"line":5,"column":48},"end":{"line":13,"column":3}},"line":5},"2":{"name":"(anonymous_2)","decl":{"start":{"line":17,"column":21},"end":{"line":17,"column":22}},"loc":{"start":{"line":17,"column":41},"end":{"line":35,"column":1}},"line":17},"3":{"name":"(anonymous_3)","decl":{"start":{"line":26,"column":16},"end":{"line":26,"column":17}},"loc":{"start":{"line":26,"column":31},"end":{"line":34,"column":3}},"line":26},"4":{"name":"(anonymous_4)","decl":{"start":{"line":37,"column":31},"end":{"line":37,"column":32}},"loc":{"start":{"line":37,"column":45},"end":{"line":39,"column":1}},"line":37},"5":{"name":"(anonymous_5)","decl":{"start":{"line":42,"column":22},"end":{"line":42,"column":23}},"loc":{"start":{"line":42,"column":36},"end":{"line":53,"column":1}},"line":42},"6":{"name":"(anonymous_6)","decl":{"start":{"line":45,"column":16},"end":{"line":45,"column":17}},"loc":{"start":{"line":45,"column":31},"end":{"line":52,"column":3}},"line":45},"7":{"name":"(anonymous_7)","decl":{"start":{"line":56,"column":22},"end":{"line":56,"column":23}},"loc":{"start":{"line":56,"column":36},"end":{"line":68,"column":1}},"line":56},"8":{"name":"(anonymous_8)","decl":{"start":{"line":58,"column":18},"end":{"line":58,"column":19}},"loc":{"start":{"line":58,"column":37},"end":{"line":67,"column":3}},"line":58},"9":{"name":"(anonymous_9)","decl":{"start":{"line":70,"column":32},"end":{"line":70,"column":33}},"loc":{"start":{"line":70,"column":46},"end":{"line":79,"column":1}},"line":70},"10":{"name":"(anonymous_10)","decl":{"start":{"line":71,"column":23},"end":{"line":71,"column":24}},"loc":{"start":{"line":71,"column":38},"end":{"line":78,"column":3}},"line":71}},"branchMap":{"0":{"loc":{"start":{"line":6,"column":4},"end":{"line":10,"column":5}},"type":"if","locations":[{"start":{"line":6,"column":4},"end":{"line":10,"column":5}},{"start":{"line":6,"column":4},"end":{"line":10,"column":5}}],"line":6},"1":{"loc":{"start":{"line":6,"column":8},"end":{"line":6,"column":24}},"type":"binary-expr","locations":[{"start":{"line":6,"column":8},"end":{"line":6,"column":11}},{"start":{"line":6,"column":15},"end":{"line":6,"column":24}}],"line":6},"2":{"loc":{"start":{"line":21,"column":4},"end":{"line":23,"column":5}},"type":"if","locations":[{"start":{"line":21,"column":4},"end":{"line":23,"column":5}},{"start":{"line":21,"column":4},"end":{"line":23,"column":5}}],"line":21},"3":{"loc":{"start":{"line":27,"column":4},"end":{"line":32,"column":5}},"type":"if","locations":[{"start":{"line":27,"column":4},"end":{"line":32,"column":5}},{"start":{"line":27,"column":4},"end":{"line":32,"column":5}}],"line":27},"4":{"loc":{"start":{"line":46,"column":4},"end":{"line":50,"column":5}},"type":"if","locations":[{"start":{"line":46,"column":4},"end":{"line":50,"column":5}},{"start":{"line":46,"column":4},"end":{"line":50,"column":5}}],"line":46},"5":{"loc":{"start":{"line":59,"column":4},"end":{"line":63,"column":5}},"type":"if","locations":[{"start":{"line":59,"column":4},"end":{"line":63,"column":5}},{"start":{"line":59,"column":4},"end":{"line":63,"column":5}}],"line":59},"6":{"loc":{"start":{"line":72,"column":4},"end":{"line":76,"column":5}},"type":"if","locations":[{"start":{"line":72,"column":4},"end":{"line":76,"column":5}},{"start":{"line":72,"column":4},"end":{"line":76,"column":5}}],"line":72}},"s":{"0":1,"1":0,"2":0,"3":0,"4":0,"5":0,"6":1,"7":1,"8":1,"9":0,"10":1,"11":1,"12":1,"13":0,"14":1,"15":1,"16":0,"17":1,"18":0,"19":0,"20":0,"21":0,"22":0,"23":0,"24":1,"25":0,"26":0,"27":0,"28":0,"29":0,"30":1,"31":0,"32":0,"33":0,"34":0},"f":{"0":0,"1":0,"2":1,"3":1,"4":0,"5":0,"6":0,"7":0,"8":0,"9":0,"10":0},"b":{"0":[0,0],"1":[0,0],"2":[0,1],"3":[0,1],"4":[0,0],"5":[0,0],"6":[0,0]},"_coverageSchema":"1a1c01bbd47fc00a2c39e90264f33305004495a9","hash":"dfb9385c1efa3967ed7ddc3a3e0a2617f83fa5d9"}
,"F:\\jeniffer\\code\\Farmlybackend\\controllers\\orders.js": {"path":"F:\\jeniffer\\code\\Farmlybackend\\controllers\\orders.js","statementMap":{"0":{"start":{"line":3,"column":0},"end":{"line":3,"column":16}},"1":{"start":{"line":8,"column":0},"end":{"line":8,"column":33}},"2":{"start":{"line":10,"column":25},"end":{"line":22,"column":1}},"3":{"start":{"line":11,"column":2},"end":{"line":21,"column":7}},"4":{"start":{"line":14,"column":6},"end":{"line":18,"column":7}},"5":{"start":{"line":15,"column":8},"end":{"line":17,"column":11}},"6":{"start":{"line":19,"column":6},"end":{"line":19,"column":24}},"7":{"start":{"line":20,"column":6},"end":{"line":20,"column":13}},"8":{"start":{"line":23,"column":27},"end":{"line":40,"column":2}},"9":{"start":{"line":24,"column":4},"end":{"line":24,"column":32}},"10":{"start":{"line":25,"column":4},"end":{"line":25,"column":27}},"11":{"start":{"line":26,"column":3},"end":{"line":39,"column":8}},"12":{"start":{"line":33,"column":7},"end":{"line":37,"column":8}},"13":{"start":{"line":34,"column":9},"end":{"line":36,"column":12}},"14":{"start":{"line":38,"column":7},"end":{"line":38,"column":23}},"15":{"start":{"line":41,"column":32},"end":{"line":56,"column":1}},"16":{"start":{"line":43,"column":2},"end":{"line":43,"column":25}},"17":{"start":{"line":44,"column":1},"end":{"line":55,"column":6}},"18":{"start":{"line":49,"column":5},"end":{"line":53,"column":6}},"19":{"start":{"line":50,"column":7},"end":{"line":52,"column":10}},"20":{"start":{"line":54,"column":5},"end":{"line":54,"column":21}},"21":{"start":{"line":57,"column":22},"end":{"line":93,"column":1}},"22":{"start":{"line":58,"column":2},"end":{"line":58,"column":35}},"23":{"start":{"line":59,"column":2},"end":{"line":59,"column":30}},"24":{"start":{"line":60,"column":16},"end":{"line":60,"column":35}},"25":{"start":{"line":61,"column":2},"end":{"line":92,"column":5}},"26":{"start":{"line":62,"column":4},"end":{"line":66,"column":5}},"27":{"start":{"line":63,"column":6},"end":{"line":65,"column":9}},"28":{"start":{"line":71,"column":22},"end":{"line":82,"column":5}},"29":{"start":{"line":83,"column":4},"end":{"line":90,"column":9}},"30":{"start":{"line":86,"column":8},"end":{"line":86,"column":36}},"31":{"start":{"line":89,"column":8},"end":{"line":89,"column":41}},"32":{"start":{"line":91,"column":4},"end":{"line":91,"column":19}},"33":{"start":{"line":95,"column":26},"end":{"line":110,"column":1}},"34":{"start":{"line":96,"column":2},"end":{"line":109,"column":7}},"35":{"start":{"line":102,"column":6},"end":{"line":106,"column":7}},"36":{"start":{"line":103,"column":8},"end":{"line":105,"column":11}},"37":{"start":{"line":108,"column":6},"end":{"line":108,"column":23}},"38":{"start":{"line":112,"column":31},"end":{"line":114,"column":1}},"39":{"start":{"line":113,"column":2},"end":{"line":113,"column":51}},"40":{"start":{"line":116,"column":33},"end":{"line":129,"column":1}},"41":{"start":{"line":117,"column":2},"end":{"line":128,"column":4}},"42":{"start":{"line":121,"column":6},"end":{"line":125,"column":7}},"43":{"start":{"line":122,"column":8},"end":{"line":124,"column":11}},"44":{"start":{"line":126,"column":6},"end":{"line":126,"column":22}}},"fnMap":{"0":{"name":"(anonymous_0)","decl":{"start":{"line":10,"column":25},"end":{"line":10,"column":26}},"loc":{"start":{"line":10,"column":49},"end":{"line":22,"column":1}},"line":10},"1":{"name":"(anonymous_1)","decl":{"start":{"line":13,"column":10},"end":{"line":13,"column":11}},"loc":{"start":{"line":13,"column":26},"end":{"line":21,"column":5}},"line":13},"2":{"name":"(anonymous_2)","decl":{"start":{"line":23,"column":27},"end":{"line":23,"column":28}},"loc":{"start":{"line":23,"column":41},"end":{"line":40,"column":2}},"line":23},"3":{"name":"(anonymous_3)","decl":{"start":{"line":32,"column":11},"end":{"line":32,"column":12}},"loc":{"start":{"line":32,"column":27},"end":{"line":39,"column":6}},"line":32},"4":{"name":"(anonymous_4)","decl":{"start":{"line":41,"column":32},"end":{"line":41,"column":33}},"loc":{"start":{"line":41,"column":46},"end":{"line":56,"column":1}},"line":41},"5":{"name":"(anonymous_5)","decl":{"start":{"line":48,"column":9},"end":{"line":48,"column":10}},"loc":{"start":{"line":48,"column":25},"end":{"line":55,"column":4}},"line":48},"6":{"name":"(anonymous_6)","decl":{"start":{"line":57,"column":22},"end":{"line":57,"column":23}},"loc":{"start":{"line":57,"column":36},"end":{"line":93,"column":1}},"line":57},"7":{"name":"(anonymous_7)","decl":{"start":{"line":61,"column":13},"end":{"line":61,"column":14}},"loc":{"start":{"line":61,"column":30},"end":{"line":92,"column":3}},"line":61},"8":{"name":"(anonymous_8)","decl":{"start":{"line":85,"column":12},"end":{"line":85,"column":13}},"loc":{"start":{"line":85,"column":26},"end":{"line":87,"column":7}},"line":85},"9":{"name":"(anonymous_9)","decl":{"start":{"line":88,"column":13},"end":{"line":88,"column":14}},"loc":{"start":{"line":88,"column":24},"end":{"line":90,"column":7}},"line":88},"10":{"name":"(anonymous_10)","decl":{"start":{"line":95,"column":26},"end":{"line":95,"column":27}},"loc":{"start":{"line":95,"column":40},"end":{"line":110,"column":1}},"line":95},"11":{"name":"(anonymous_11)","decl":{"start":{"line":101,"column":10},"end":{"line":101,"column":11}},"loc":{"start":{"line":101,"column":27},"end":{"line":109,"column":5}},"line":101},"12":{"name":"(anonymous_12)","decl":{"start":{"line":112,"column":31},"end":{"line":112,"column":32}},"loc":{"start":{"line":112,"column":45},"end":{"line":114,"column":1}},"line":112},"13":{"name":"(anonymous_13)","decl":{"start":{"line":116,"column":33},"end":{"line":116,"column":34}},"loc":{"start":{"line":116,"column":47},"end":{"line":129,"column":1}},"line":116},"14":{"name":"(anonymous_14)","decl":{"start":{"line":120,"column":4},"end":{"line":120,"column":5}},"loc":{"start":{"line":120,"column":20},"end":{"line":127,"column":5}},"line":120}},"branchMap":{"0":{"loc":{"start":{"line":14,"column":6},"end":{"line":18,"column":7}},"type":"if","locations":[{"start":{"line":14,"column":6},"end":{"line":18,"column":7}},{"start":{"line":14,"column":6},"end":{"line":18,"column":7}}],"line":14},"1":{"loc":{"start":{"line":14,"column":10},"end":{"line":14,"column":23}},"type":"binary-expr","locations":[{"start":{"line":14,"column":10},"end":{"line":14,"column":13}},{"start":{"line":14,"column":17},"end":{"line":14,"column":23}}],"line":14},"2":{"loc":{"start":{"line":33,"column":7},"end":{"line":37,"column":8}},"type":"if","locations":[{"start":{"line":33,"column":7},"end":{"line":37,"column":8}},{"start":{"line":33,"column":7},"end":{"line":37,"column":8}}],"line":33},"3":{"loc":{"start":{"line":49,"column":5},"end":{"line":53,"column":6}},"type":"if","locations":[{"start":{"line":49,"column":5},"end":{"line":53,"column":6}},{"start":{"line":49,"column":5},"end":{"line":53,"column":6}}],"line":49},"4":{"loc":{"start":{"line":62,"column":4},"end":{"line":66,"column":5}},"type":"if","locations":[{"start":{"line":62,"column":4},"end":{"line":66,"column":5}},{"start":{"line":62,"column":4},"end":{"line":66,"column":5}}],"line":62},"5":{"loc":{"start":{"line":102,"column":6},"end":{"line":106,"column":7}},"type":"if","locations":[{"start":{"line":102,"column":6},"end":{"line":106,"column":7}},{"start":{"line":102,"column":6},"end":{"line":106,"column":7}}],"line":102},"6":{"loc":{"start":{"line":121,"column":6},"end":{"line":125,"column":7}},"type":"if","locations":[{"start":{"line":121,"column":6},"end":{"line":125,"column":7}},{"start":{"line":121,"column":6},"end":{"line":125,"column":7}}],"line":121}},"s":{"0":1,"1":1,"2":1,"3":0,"4":0,"5":0,"6":0,"7":0,"8":1,"9":0,"10":0,"11":0,"12":0,"13":0,"14":0,"15":1,"16":0,"17":0,"18":0,"19":0,"20":0,"21":1,"22":0,"23":0,"24":0,"25":0,"26":0,"27":0,"28":0,"29":0,"30":0,"31":0,"32":0,"33":1,"34":0,"35":0,"36":0,"37":0,"38":1,"39":0,"40":1,"41":0,"42":0,"43":0,"44":0},"f":{"0":0,"1":0,"2":0,"3":0,"4":0,"5":0,"6":0,"7":0,"8":0,"9":0,"10":0,"11":0,"12":0,"13":0,"14":0},"b":{"0":[0,0],"1":[0,0],"2":[0,0],"3":[0,0],"4":[0,0],"5":[0,0],"6":[0,0]},"_coverageSchema":"1a1c01bbd47fc00a2c39e90264f33305004495a9","hash":"8e2326f92bff10ef1f65f72780e3701fbd6a66d3"}
,"F:\\jeniffer\\code\\Farmlybackend\\controllers\\product.js": {"path":"F:\\jeniffer\\code\\Farmlybackend\\controllers\\product.js","statementMap":{"0":{"start":{"line":4,"column":27},"end":{"line":16,"column":1}},"1":{"start":{"line":5,"column":2},"end":{"line":15,"column":7}},"2":{"start":{"line":8,"column":6},"end":{"line":12,"column":7}},"3":{"start":{"line":9,"column":8},"end":{"line":11,"column":11}},"4":{"start":{"line":13,"column":6},"end":{"line":13,"column":28}},"5":{"start":{"line":14,"column":6},"end":{"line":14,"column":13}},"6":{"start":{"line":18,"column":20},"end":{"line":22,"column":1}},"7":{"start":{"line":19,"column":2},"end":{"line":19,"column":32}},"8":{"start":{"line":21,"column":2},"end":{"line":21,"column":31}},"9":{"start":{"line":24,"column":22},"end":{"line":66,"column":1}},"10":{"start":{"line":26,"column":4},"end":{"line":26,"column":36}},"11":{"start":{"line":27,"column":70},"end":{"line":27,"column":78}},"12":{"start":{"line":28,"column":6},"end":{"line":28,"column":27}},"13":{"start":{"line":29,"column":4},"end":{"line":33,"column":5}},"14":{"start":{"line":30,"column":6},"end":{"line":32,"column":9}},"15":{"start":{"line":35,"column":18},"end":{"line":35,"column":53}},"16":{"start":{"line":36,"column":4},"end":{"line":64,"column":7}},"17":{"start":{"line":38,"column":6},"end":{"line":63,"column":7}},"18":{"start":{"line":39,"column":8},"end":{"line":39,"column":37}},"19":{"start":{"line":40,"column":22},"end":{"line":40,"column":43}},"20":{"start":{"line":54,"column":8},"end":{"line":62,"column":11}},"21":{"start":{"line":55,"column":10},"end":{"line":60,"column":11}},"22":{"start":{"line":56,"column":12},"end":{"line":56,"column":54}},"23":{"start":{"line":57,"column":12},"end":{"line":59,"column":15}},"24":{"start":{"line":61,"column":10},"end":{"line":61,"column":27}},"25":{"start":{"line":68,"column":22},"end":{"line":80,"column":1}},"26":{"start":{"line":69,"column":16},"end":{"line":69,"column":27}},"27":{"start":{"line":70,"column":2},"end":{"line":79,"column":5}},"28":{"start":{"line":71,"column":4},"end":{"line":75,"column":5}},"29":{"start":{"line":72,"column":6},"end":{"line":74,"column":9}},"30":{"start":{"line":76,"column":4},"end":{"line":78,"column":7}},"31":{"start":{"line":82,"column":22},"end":{"line":118,"column":1}},"32":{"start":{"line":83,"column":13},"end":{"line":83,"column":42}},"33":{"start":{"line":84,"column":2},"end":{"line":84,"column":29}},"34":{"start":{"line":85,"column":2},"end":{"line":117,"column":5}},"35":{"start":{"line":86,"column":4},"end":{"line":90,"column":5}},"36":{"start":{"line":87,"column":6},"end":{"line":89,"column":9}},"37":{"start":{"line":92,"column":18},"end":{"line":92,"column":29}},"38":{"start":{"line":93,"column":4},"end":{"line":93,"column":40}},"39":{"start":{"line":98,"column":4},"end":{"line":107,"column":5}},"40":{"start":{"line":100,"column":6},"end":{"line":104,"column":7}},"41":{"start":{"line":101,"column":8},"end":{"line":103,"column":11}},"42":{"start":{"line":105,"column":6},"end":{"line":105,"column":61}},"43":{"start":{"line":106,"column":6},"end":{"line":106,"column":51}},"44":{"start":{"line":109,"column":4},"end":{"line":116,"column":7}},"45":{"start":{"line":110,"column":6},"end":{"line":114,"column":7}},"46":{"start":{"line":111,"column":8},"end":{"line":113,"column":11}},"47":{"start":{"line":115,"column":6},"end":{"line":115,"column":23}},"48":{"start":{"line":119,"column":20},"end":{"line":140,"column":1}},"49":{"start":{"line":120,"column":14},"end":{"line":120,"column":55}},"50":{"start":{"line":121,"column":15},"end":{"line":121,"column":58}},"51":{"start":{"line":122,"column":14},"end":{"line":122,"column":61}},"52":{"start":{"line":124,"column":2},"end":{"line":139,"column":7}},"53":{"start":{"line":132,"column":6},"end":{"line":136,"column":7}},"54":{"start":{"line":133,"column":8},"end":{"line":135,"column":11}},"55":{"start":{"line":137,"column":6},"end":{"line":137,"column":25}},"56":{"start":{"line":138,"column":6},"end":{"line":138,"column":27}},"57":{"start":{"line":141,"column":27},"end":{"line":154,"column":1}},"58":{"start":{"line":142,"column":14},"end":{"line":142,"column":61}},"59":{"start":{"line":143,"column":2},"end":{"line":153,"column":7}},"60":{"start":{"line":147,"column":6},"end":{"line":151,"column":7}},"61":{"start":{"line":148,"column":8},"end":{"line":150,"column":11}},"62":{"start":{"line":152,"column":6},"end":{"line":152,"column":25}},"63":{"start":{"line":155,"column":31},"end":{"line":169,"column":1}},"64":{"start":{"line":156,"column":3},"end":{"line":156,"column":31}},"65":{"start":{"line":157,"column":2},"end":{"line":168,"column":7}},"66":{"start":{"line":162,"column":6},"end":{"line":166,"column":7}},"67":{"start":{"line":163,"column":8},"end":{"line":165,"column":11}},"68":{"start":{"line":167,"column":6},"end":{"line":167,"column":22}}},"fnMap":{"0":{"name":"(anonymous_0)","decl":{"start":{"line":4,"column":27},"end":{"line":4,"column":28}},"loc":{"start":{"line":4,"column":51},"end":{"line":16,"column":1}},"line":4},"1":{"name":"(anonymous_1)","decl":{"start":{"line":7,"column":10},"end":{"line":7,"column":11}},"loc":{"start":{"line":7,"column":28},"end":{"line":15,"column":5}},"line":7},"2":{"name":"(anonymous_2)","decl":{"start":{"line":18,"column":20},"end":{"line":18,"column":21}},"loc":{"start":{"line":18,"column":34},"end":{"line":22,"column":1}},"line":18},"3":{"name":"(anonymous_3)","decl":{"start":{"line":24,"column":22},"end":{"line":24,"column":23}},"loc":{"start":{"line":24,"column":42},"end":{"line":66,"column":1}},"line":24},"4":{"name":"(anonymous_4)","decl":{"start":{"line":36,"column":28},"end":{"line":36,"column":29}},"loc":{"start":{"line":36,"column":47},"end":{"line":64,"column":5}},"line":36},"5":{"name":"(anonymous_5)","decl":{"start":{"line":54,"column":21},"end":{"line":54,"column":22}},"loc":{"start":{"line":54,"column":38},"end":{"line":62,"column":9}},"line":54},"6":{"name":"(anonymous_6)","decl":{"start":{"line":68,"column":22},"end":{"line":68,"column":23}},"loc":{"start":{"line":68,"column":36},"end":{"line":80,"column":1}},"line":68},"7":{"name":"(anonymous_7)","decl":{"start":{"line":70,"column":17},"end":{"line":70,"column":18}},"loc":{"start":{"line":70,"column":42},"end":{"line":79,"column":3}},"line":70},"8":{"name":"(anonymous_8)","decl":{"start":{"line":82,"column":22},"end":{"line":82,"column":23}},"loc":{"start":{"line":82,"column":36},"end":{"line":118,"column":1}},"line":82},"9":{"name":"(anonymous_9)","decl":{"start":{"line":85,"column":18},"end":{"line":85,"column":19}},"loc":{"start":{"line":85,"column":42},"end":{"line":117,"column":3}},"line":85},"10":{"name":"(anonymous_10)","decl":{"start":{"line":109,"column":17},"end":{"line":109,"column":18}},"loc":{"start":{"line":109,"column":34},"end":{"line":116,"column":5}},"line":109},"11":{"name":"(anonymous_11)","decl":{"start":{"line":119,"column":20},"end":{"line":119,"column":21}},"loc":{"start":{"line":119,"column":34},"end":{"line":140,"column":1}},"line":119},"12":{"name":"(anonymous_12)","decl":{"start":{"line":130,"column":10},"end":{"line":130,"column":11}},"loc":{"start":{"line":130,"column":29},"end":{"line":139,"column":5}},"line":130},"13":{"name":"(anonymous_13)","decl":{"start":{"line":141,"column":27},"end":{"line":141,"column":28}},"loc":{"start":{"line":141,"column":41},"end":{"line":154,"column":1}},"line":141},"14":{"name":"(anonymous_14)","decl":{"start":{"line":146,"column":10},"end":{"line":146,"column":11}},"loc":{"start":{"line":146,"column":29},"end":{"line":153,"column":5}},"line":146},"15":{"name":"(anonymous_15)","decl":{"start":{"line":155,"column":31},"end":{"line":155,"column":32}},"loc":{"start":{"line":155,"column":45},"end":{"line":169,"column":1}},"line":155},"16":{"name":"(anonymous_16)","decl":{"start":{"line":161,"column":10},"end":{"line":161,"column":11}},"loc":{"start":{"line":161,"column":26},"end":{"line":168,"column":5}},"line":161}},"branchMap":{"0":{"loc":{"start":{"line":8,"column":6},"end":{"line":12,"column":7}},"type":"if","locations":[{"start":{"line":8,"column":6},"end":{"line":12,"column":7}},{"start":{"line":8,"column":6},"end":{"line":12,"column":7}}],"line":8},"1":{"loc":{"start":{"line":8,"column":10},"end":{"line":8,"column":25}},"type":"binary-expr","locations":[{"start":{"line":8,"column":10},"end":{"line":8,"column":13}},{"start":{"line":8,"column":17},"end":{"line":8,"column":25}}],"line":8},"2":{"loc":{"start":{"line":29,"column":4},"end":{"line":33,"column":5}},"type":"if","locations":[{"start":{"line":29,"column":4},"end":{"line":33,"column":5}},{"start":{"line":29,"column":4},"end":{"line":33,"column":5}}],"line":29},"3":{"loc":{"start":{"line":29,"column":8},"end":{"line":29,"column":72}},"type":"binary-expr","locations":[{"start":{"line":29,"column":8},"end":{"line":29,"column":20}},{"start":{"line":29,"column":24},"end":{"line":29,"column":36}},{"start":{"line":29,"column":40},"end":{"line":29,"column":46}},{"start":{"line":29,"column":50},"end":{"line":29,"column":59}},{"start":{"line":29,"column":63},"end":{"line":29,"column":72}}],"line":29},"4":{"loc":{"start":{"line":38,"column":6},"end":{"line":63,"column":7}},"type":"if","locations":[{"start":{"line":38,"column":6},"end":{"line":63,"column":7}},{"start":{"line":38,"column":6},"end":{"line":63,"column":7}}],"line":38},"5":{"loc":{"start":{"line":55,"column":10},"end":{"line":60,"column":11}},"type":"if","locations":[{"start":{"line":55,"column":10},"end":{"line":60,"column":11}},{"start":{"line":55,"column":10},"end":{"line":60,"column":11}}],"line":55},"6":{"loc":{"start":{"line":71,"column":4},"end":{"line":75,"column":5}},"type":"if","locations":[{"start":{"line":71,"column":4},"end":{"line":75,"column":5}},{"start":{"line":71,"column":4},"end":{"line":75,"column":5}}],"line":71},"7":{"loc":{"start":{"line":86,"column":4},"end":{"line":90,"column":5}},"type":"if","locations":[{"start":{"line":86,"column":4},"end":{"line":90,"column":5}},{"start":{"line":86,"column":4},"end":{"line":90,"column":5}}],"line":86},"8":{"loc":{"start":{"line":98,"column":4},"end":{"line":107,"column":5}},"type":"if","locations":[{"start":{"line":98,"column":4},"end":{"line":107,"column":5}},{"start":{"line":98,"column":4},"end":{"line":107,"column":5}}],"line":98},"9":{"loc":{"start":{"line":100,"column":6},"end":{"line":104,"column":7}},"type":"if","locations":[{"start":{"line":100,"column":6},"end":{"line":104,"column":7}},{"start":{"line":100,"column":6},"end":{"line":104,"column":7}}],"line":100},"10":{"loc":{"start":{"line":110,"column":6},"end":{"line":114,"column":7}},"type":"if","locations":[{"start":{"line":110,"column":6},"end":{"line":114,"column":7}},{"start":{"line":110,"column":6},"end":{"line":114,"column":7}}],"line":110},"11":{"loc":{"start":{"line":120,"column":14},"end":{"line":120,"column":55}},"type":"cond-expr","locations":[{"start":{"line":120,"column":32},"end":{"line":120,"column":47}},{"start":{"line":120,"column":50},"end":{"line":120,"column":55}}],"line":120},"12":{"loc":{"start":{"line":121,"column":15},"end":{"line":121,"column":58}},"type":"cond-expr","locations":[{"start":{"line":121,"column":34},"end":{"line":121,"column":50}},{"start":{"line":121,"column":53},"end":{"line":121,"column":58}}],"line":121},"13":{"loc":{"start":{"line":122,"column":14},"end":{"line":122,"column":61}},"type":"cond-expr","locations":[{"start":{"line":122,"column":32},"end":{"line":122,"column":57}},{"start":{"line":122,"column":60},"end":{"line":122,"column":61}}],"line":122},"14":{"loc":{"start":{"line":132,"column":6},"end":{"line":136,"column":7}},"type":"if","locations":[{"start":{"line":132,"column":6},"end":{"line":136,"column":7}},{"start":{"line":132,"column":6},"end":{"line":136,"column":7}}],"line":132},"15":{"loc":{"start":{"line":142,"column":14},"end":{"line":142,"column":61}},"type":"cond-expr","locations":[{"start":{"line":142,"column":32},"end":{"line":142,"column":57}},{"start":{"line":142,"column":60},"end":{"line":142,"column":61}}],"line":142},"16":{"loc":{"start":{"line":147,"column":6},"end":{"line":151,"column":7}},"type":"if","locations":[{"start":{"line":147,"column":6},"end":{"line":151,"column":7}},{"start":{"line":147,"column":6},"end":{"line":151,"column":7}}],"line":147},"17":{"loc":{"start":{"line":162,"column":6},"end":{"line":166,"column":7}},"type":"if","locations":[{"start":{"line":162,"column":6},"end":{"line":166,"column":7}},{"start":{"line":162,"column":6},"end":{"line":166,"column":7}}],"line":162}},"s":{"0":1,"1":0,"2":0,"3":0,"4":0,"5":0,"6":1,"7":0,"8":0,"9":1,"10":0,"11":0,"12":0,"13":0,"14":0,"15":0,"16":0,"17":0,"18":0,"19":0,"20":0,"21":0,"22":0,"23":0,"24":0,"25":1,"26":0,"27":0,"28":0,"29":0,"30":0,"31":1,"32":0,"33":0,"34":0,"35":0,"36":0,"37":0,"38":0,"39":0,"40":0,"41":0,"42":0,"43":0,"44":0,"45":0,"46":0,"47":0,"48":1,"49":0,"50":0,"51":0,"52":0,"53":0,"54":0,"55":0,"56":0,"57":1,"58":0,"59":0,"60":0,"61":0,"62":0,"63":1,"64":0,"65":0,"66":0,"67":0,"68":0},"f":{"0":0,"1":0,"2":0,"3":0,"4":0,"5":0,"6":0,"7":0,"8":0,"9":0,"10":0,"11":0,"12":0,"13":0,"14":0,"15":0,"16":0},"b":{"0":[0,0],"1":[0,0],"2":[0,0],"3":[0,0,0,0,0],"4":[0,0],"5":[0,0],"6":[0,0],"7":[0,0],"8":[0,0],"9":[0,0],"10":[0,0],"11":[0,0],"12":[0,0],"13":[0,0],"14":[0,0],"15":[0,0],"16":[0,0],"17":[0,0]},"_coverageSchema":"1a1c01bbd47fc00a2c39e90264f33305004495a9","hash":"23254334d9c3c2ab13e061fe5874e9220c883ab6"}
,"F:\\jeniffer\\code\\Farmlybackend\\controllers\\user.js": {"path":"F:\\jeniffer\\code\\Farmlybackend\\controllers\\user.js","statementMap":{"0":{"start":{"line":3,"column":24},"end":{"line":11,"column":1}},"1":{"start":{"line":4,"column":2},"end":{"line":10,"column":5}},"2":{"start":{"line":5,"column":4},"end":{"line":7,"column":5}},"3":{"start":{"line":6,"column":6},"end":{"line":6,"column":66}},"4":{"start":{"line":8,"column":4},"end":{"line":8,"column":23}},"5":{"start":{"line":9,"column":4},"end":{"line":9,"column":11}},"6":{"start":{"line":12,"column":32},"end":{"line":21,"column":1}},"7":{"start":{"line":14,"column":4},"end":{"line":14,"column":63}},"8":{"start":{"line":16,"column":2},"end":{"line":20,"column":3}},"9":{"start":{"line":17,"column":4},"end":{"line":19,"column":72}},"10":{"start":{"line":22,"column":24},"end":{"line":29,"column":1}},"11":{"start":{"line":23,"column":2},"end":{"line":28,"column":68}},"12":{"start":{"line":24,"column":4},"end":{"line":26,"column":5}},"13":{"start":{"line":25,"column":6},"end":{"line":25,"column":50}},"14":{"start":{"line":27,"column":4},"end":{"line":27,"column":19}},"15":{"start":{"line":31,"column":26},"end":{"line":39,"column":1}},"16":{"start":{"line":32,"column":2},"end":{"line":38,"column":4}},"17":{"start":{"line":33,"column":4},"end":{"line":35,"column":5}},"18":{"start":{"line":34,"column":6},"end":{"line":34,"column":50}},"19":{"start":{"line":36,"column":4},"end":{"line":36,"column":19}},"20":{"start":{"line":40,"column":25},"end":{"line":48,"column":1}},"21":{"start":{"line":41,"column":2},"end":{"line":47,"column":4}},"22":{"start":{"line":42,"column":4},"end":{"line":44,"column":5}},"23":{"start":{"line":43,"column":6},"end":{"line":43,"column":50}},"24":{"start":{"line":45,"column":4},"end":{"line":45,"column":19}},"25":{"start":{"line":49,"column":26},"end":{"line":57,"column":1}},"26":{"start":{"line":50,"column":2},"end":{"line":56,"column":4}},"27":{"start":{"line":51,"column":4},"end":{"line":53,"column":5}},"28":{"start":{"line":52,"column":6},"end":{"line":52,"column":50}},"29":{"start":{"line":54,"column":4},"end":{"line":54,"column":19}},"30":{"start":{"line":58,"column":23},"end":{"line":61,"column":1}},"31":{"start":{"line":59,"column":2},"end":{"line":59,"column":35}},"32":{"start":{"line":60,"column":2},"end":{"line":60,"column":31}},"33":{"start":{"line":62,"column":26},"end":{"line":75,"column":1}},"34":{"start":{"line":63,"column":13},"end":{"line":63,"column":24}},"35":{"start":{"line":64,"column":2},"end":{"line":64,"column":34}},"36":{"start":{"line":65,"column":2},"end":{"line":65,"column":28}},"37":{"start":{"line":66,"column":2},"end":{"line":74,"column":5}},"38":{"start":{"line":67,"column":4},"end":{"line":71,"column":5}},"39":{"start":{"line":68,"column":6},"end":{"line":70,"column":9}},"40":{"start":{"line":72,"column":4},"end":{"line":72,"column":30}},"41":{"start":{"line":73,"column":4},"end":{"line":73,"column":23}},"42":{"start":{"line":76,"column":26},"end":{"line":84,"column":1}},"43":{"start":{"line":77,"column":15},"end":{"line":77,"column":26}},"44":{"start":{"line":78,"column":2},"end":{"line":83,"column":5}},"45":{"start":{"line":79,"column":4},"end":{"line":81,"column":5}},"46":{"start":{"line":80,"column":6},"end":{"line":80,"column":50}},"47":{"start":{"line":82,"column":4},"end":{"line":82,"column":55}}},"fnMap":{"0":{"name":"(anonymous_0)","decl":{"start":{"line":3,"column":24},"end":{"line":3,"column":25}},"loc":{"start":{"line":3,"column":48},"end":{"line":11,"column":1}},"line":3},"1":{"name":"(anonymous_1)","decl":{"start":{"line":4,"column":25},"end":{"line":4,"column":26}},"loc":{"start":{"line":4,"column":40},"end":{"line":10,"column":3}},"line":4},"2":{"name":"(anonymous_2)","decl":{"start":{"line":12,"column":32},"end":{"line":12,"column":33}},"loc":{"start":{"line":12,"column":46},"end":{"line":21,"column":1}},"line":12},"3":{"name":"(anonymous_3)","decl":{"start":{"line":22,"column":24},"end":{"line":22,"column":25}},"loc":{"start":{"line":22,"column":44},"end":{"line":29,"column":1}},"line":22},"4":{"name":"(anonymous_4)","decl":{"start":{"line":23,"column":12},"end":{"line":23,"column":13}},"loc":{"start":{"line":23,"column":27},"end":{"line":28,"column":3}},"line":23},"5":{"name":"(anonymous_5)","decl":{"start":{"line":31,"column":26},"end":{"line":31,"column":27}},"loc":{"start":{"line":31,"column":46},"end":{"line":39,"column":1}},"line":31},"6":{"name":"(anonymous_6)","decl":{"start":{"line":32,"column":29},"end":{"line":32,"column":30}},"loc":{"start":{"line":32,"column":41},"end":{"line":38,"column":3}},"line":32},"7":{"name":"(anonymous_7)","decl":{"start":{"line":40,"column":25},"end":{"line":40,"column":26}},"loc":{"start":{"line":40,"column":45},"end":{"line":48,"column":1}},"line":40},"8":{"name":"(anonymous_8)","decl":{"start":{"line":41,"column":28},"end":{"line":41,"column":29}},"loc":{"start":{"line":41,"column":40},"end":{"line":47,"column":3}},"line":41},"9":{"name":"(anonymous_9)","decl":{"start":{"line":49,"column":26},"end":{"line":49,"column":27}},"loc":{"start":{"line":49,"column":46},"end":{"line":57,"column":1}},"line":49},"10":{"name":"(anonymous_10)","decl":{"start":{"line":50,"column":29},"end":{"line":50,"column":30}},"loc":{"start":{"line":50,"column":41},"end":{"line":56,"column":3}},"line":50},"11":{"name":"(anonymous_11)","decl":{"start":{"line":58,"column":23},"end":{"line":58,"column":24}},"loc":{"start":{"line":58,"column":37},"end":{"line":61,"column":1}},"line":58},"12":{"name":"(anonymous_12)","decl":{"start":{"line":62,"column":26},"end":{"line":62,"column":27}},"loc":{"start":{"line":62,"column":40},"end":{"line":75,"column":1}},"line":62},"13":{"name":"(anonymous_13)","decl":{"start":{"line":66,"column":12},"end":{"line":66,"column":13}},"loc":{"start":{"line":66,"column":21},"end":{"line":74,"column":3}},"line":66},"14":{"name":"(anonymous_14)","decl":{"start":{"line":76,"column":26},"end":{"line":76,"column":27}},"loc":{"start":{"line":76,"column":40},"end":{"line":84,"column":1}},"line":76},"15":{"name":"(anonymous_15)","decl":{"start":{"line":78,"column":14},"end":{"line":78,"column":15}},"loc":{"start":{"line":78,"column":29},"end":{"line":83,"column":3}},"line":78}},"branchMap":{"0":{"loc":{"start":{"line":5,"column":4},"end":{"line":7,"column":5}},"type":"if","locations":[{"start":{"line":5,"column":4},"end":{"line":7,"column":5}},{"start":{"line":5,"column":4},"end":{"line":7,"column":5}}],"line":5},"1":{"loc":{"start":{"line":5,"column":8},"end":{"line":5,"column":20}},"type":"binary-expr","locations":[{"start":{"line":5,"column":8},"end":{"line":5,"column":11}},{"start":{"line":5,"column":15},"end":{"line":5,"column":20}}],"line":5},"2":{"loc":{"start":{"line":14,"column":4},"end":{"line":14,"column":63}},"type":"binary-expr","locations":[{"start":{"line":14,"column":4},"end":{"line":14,"column":15}},{"start":{"line":14,"column":19},"end":{"line":14,"column":27}},{"start":{"line":14,"column":31},"end":{"line":14,"column":63}}],"line":14},"3":{"loc":{"start":{"line":16,"column":2},"end":{"line":20,"column":3}},"type":"if","locations":[{"start":{"line":16,"column":2},"end":{"line":20,"column":3}},{"start":{"line":16,"column":2},"end":{"line":20,"column":3}}],"line":16},"4":{"loc":{"start":{"line":24,"column":4},"end":{"line":26,"column":5}},"type":"if","locations":[{"start":{"line":24,"column":4},"end":{"line":26,"column":5}},{"start":{"line":24,"column":4},"end":{"line":26,"column":5}}],"line":24},"5":{"loc":{"start":{"line":33,"column":4},"end":{"line":35,"column":5}},"type":"if","locations":[{"start":{"line":33,"column":4},"end":{"line":35,"column":5}},{"start":{"line":33,"column":4},"end":{"line":35,"column":5}}],"line":33},"6":{"loc":{"start":{"line":42,"column":4},"end":{"line":44,"column":5}},"type":"if","locations":[{"start":{"line":42,"column":4},"end":{"line":44,"column":5}},{"start":{"line":42,"column":4},"end":{"line":44,"column":5}}],"line":42},"7":{"loc":{"start":{"line":51,"column":4},"end":{"line":53,"column":5}},"type":"if","locations":[{"start":{"line":51,"column":4},"end":{"line":53,"column":5}},{"start":{"line":51,"column":4},"end":{"line":53,"column":5}}],"line":51},"8":{"loc":{"start":{"line":67,"column":4},"end":{"line":71,"column":5}},"type":"if","locations":[{"start":{"line":67,"column":4},"end":{"line":71,"column":5}},{"start":{"line":67,"column":4},"end":{"line":71,"column":5}}],"line":67},"9":{"loc":{"start":{"line":79,"column":4},"end":{"line":81,"column":5}},"type":"if","locations":[{"start":{"line":79,"column":4},"end":{"line":81,"column":5}},{"start":{"line":79,"column":4},"end":{"line":81,"column":5}}],"line":79}},"s":{"0":1,"1":0,"2":0,"3":0,"4":0,"5":0,"6":1,"7":0,"8":0,"9":0,"10":1,"11":1,"12":1,"13":0,"14":1,"15":1,"16":0,"17":0,"18":0,"19":0,"20":1,"21":0,"22":0,"23":0,"24":0,"25":1,"26":0,"27":0,"28":0,"29":0,"30":1,"31":0,"32":0,"33":1,"34":0,"35":0,"36":0,"37":0,"38":0,"39":0,"40":0,"41":0,"42":1,"43":0,"44":0,"45":0,"46":0,"47":0},"f":{"0":0,"1":0,"2":0,"3":1,"4":1,"5":0,"6":0,"7":0,"8":0,"9":0,"10":0,"11":0,"12":0,"13":0,"14":0,"15":0},"b":{"0":[0,0],"1":[0,0],"2":[0,0,0],"3":[0,0],"4":[0,1],"5":[0,0],"6":[0,0],"7":[0,0],"8":[0,0],"9":[0,0]},"_coverageSchema":"1a1c01bbd47fc00a2c39e90264f33305004495a9","hash":"f568d737d6fa9da443e42ba7f94b0cd840d3cb6f"}
,"F:\\jeniffer\\code\\Farmlybackend\\models\\cart.js": {"path":"F:\\jeniffer\\code\\Farmlybackend\\models\\cart.js","statementMap":{"0":{"start":{"line":2,"column":19},"end":{"line":13,"column":2}},"1":{"start":{"line":15,"column":20},"end":{"line":15,"column":54}}},"fnMap":{},"branchMap":{},"s":{"0":0,"1":0},"f":{},"b":{}}
,"F:\\jeniffer\\code\\Farmlybackend\\models\\category.js": {"path":"F:\\jeniffer\\code\\Farmlybackend\\models\\category.js","statementMap":{"0":{"start":{"line":2,"column":23},"end":{"line":13,"column":2}},"1":{"start":{"line":15,"column":22},"end":{"line":15,"column":64}}},"fnMap":{},"branchMap":{},"s":{"0":1,"1":1},"f":{},"b":{},"_coverageSchema":"1a1c01bbd47fc00a2c39e90264f33305004495a9","hash":"c8dbe18611971567ca68d15c9e448a30af99d6cf"}
,"F:\\jeniffer\\code\\Farmlybackend\\models\\index.js": {"path":"F:\\jeniffer\\code\\Farmlybackend\\models\\index.js","statementMap":{},"fnMap":{},"branchMap":{},"s":{},"f":{},"b":{}}
,"F:\\jeniffer\\code\\Farmlybackend\\models\\order.js": {"path":"F:\\jeniffer\\code\\Farmlybackend\\models\\order.js","statementMap":{"0":{"start":{"line":2,"column":15},"end":{"line":2,"column":30}},"1":{"start":{"line":3,"column":21},"end":{"line":3,"column":36}},"2":{"start":{"line":5,"column":23},"end":{"line":10,"column":1}},"3":{"start":{"line":12,"column":24},"end":{"line":12,"column":66}},"4":{"start":{"line":14,"column":20},"end":{"line":37,"column":1}},"5":{"start":{"line":39,"column":21},"end":{"line":39,"column":57}}},"fnMap":{},"branchMap":{},"s":{"0":1,"1":1,"2":1,"3":1,"4":1,"5":1},"f":{},"b":{},"_coverageSchema":"1a1c01bbd47fc00a2c39e90264f33305004495a9","hash":"a9b7fd82765a14e3f6152a3a5037db4fd6fd80e3"}
,"F:\\jeniffer\\code\\Farmlybackend\\models\\product.js": {"path":"F:\\jeniffer\\code\\Farmlybackend\\models\\product.js","statementMap":{"0":{"start":{"line":2,"column":21},"end":{"line":2,"column":36}},"1":{"start":{"line":3,"column":22},"end":{"line":46,"column":2}},"2":{"start":{"line":48,"column":22},"end":{"line":48,"column":62}}},"fnMap":{},"branchMap":{},"s":{"0":1,"1":1,"2":1},"f":{},"b":{},"_coverageSchema":"1a1c01bbd47fc00a2c39e90264f33305004495a9","hash":"0d3bb99f75112663705e1b190869319982f2a273"}
,"F:\\jeniffer\\code\\Farmlybackend\\models\\user.js": {"path":"F:\\jeniffer\\code\\Farmlybackend\\models\\user.js","statementMap":{"0":{"start":{"line":2,"column":19},"end":{"line":42,"column":2}},"1":{"start":{"line":44,"column":19},"end":{"line":44,"column":53}}},"fnMap":{},"branchMap":{},"s":{"0":1,"1":1},"f":{},"b":{},"_coverageSchema":"1a1c01bbd47fc00a2c39e90264f33305004495a9","hash":"b219bc98ace733404c65d97427c12942dcf9ac36"}
,"F:\\jeniffer\\code\\Farmlybackend\\routes\\auth.js": {"path":"F:\\jeniffer\\code\\Farmlybackend\\routes\\auth.js","statementMap":{"0":{"start":{"line":8,"column":15},"end":{"line":8,"column":31}},"1":{"start":{"line":11,"column":0},"end":{"line":11,"column":36}},"2":{"start":{"line":12,"column":0},"end":{"line":12,"column":29}},"3":{"start":{"line":13,"column":0},"end":{"line":13,"column":31}}},"fnMap":{},"branchMap":{},"s":{"0":1,"1":1,"2":1,"3":1},"f":{},"b":{},"_coverageSchema":"1a1c01bbd47fc00a2c39e90264f33305004495a9","hash":"e4481171d162a4e053d6a8fddc3141989d30583c"}
,"F:\\jeniffer\\code\\Farmlybackend\\routes\\category.js": {"path":"F:\\jeniffer\\code\\Farmlybackend\\routes\\category.js","statementMap":{"0":{"start":{"line":6,"column":15},"end":{"line":6,"column":31}},"1":{"start":{"line":8,"column":0},"end":{"line":8,"column":53}},"2":{"start":{"line":9,"column":0},"end":{"line":9,"column":44}},"3":{"start":{"line":10,"column":0},"end":{"line":10,"column":41}},"4":{"start":{"line":11,"column":0},"end":{"line":11,"column":42}},"5":{"start":{"line":12,"column":0},"end":{"line":12,"column":84}},"6":{"start":{"line":13,"column":0},"end":{"line":13,"column":87}},"7":{"start":{"line":14,"column":0},"end":{"line":14,"column":33}}},"fnMap":{},"branchMap":{},"s":{"0":1,"1":1,"2":1,"3":1,"4":1,"5":1,"6":1,"7":1},"f":{},"b":{},"_coverageSchema":"1a1c01bbd47fc00a2c39e90264f33305004495a9","hash":"46d905ef539f770e7412e0a8096f270254e14ed6"}
,"F:\\jeniffer\\code\\Farmlybackend\\routes\\index.js": {"path":"F:\\jeniffer\\code\\Farmlybackend\\routes\\index.js","statementMap":{},"fnMap":{},"branchMap":{},"s":{},"f":{},"b":{}}
,"F:\\jeniffer\\code\\Farmlybackend\\routes\\orders.js": {"path":"F:\\jeniffer\\code\\Farmlybackend\\routes\\orders.js","statementMap":{"0":{"start":{"line":2,"column":15},"end":{"line":2,"column":31}},"1":{"start":{"line":18,"column":0},"end":{"line":21,"column":2}},"2":{"start":{"line":23,"column":0},"end":{"line":23,"column":39}},"3":{"start":{"line":24,"column":0},"end":{"line":28,"column":4}},"4":{"start":{"line":29,"column":2},"end":{"line":33,"column":4}},"5":{"start":{"line":34,"column":0},"end":{"line":40,"column":2}},"6":{"start":{"line":41,"column":0},"end":{"line":47,"column":2}},"7":{"start":{"line":49,"column":0},"end":{"line":49,"column":33}},"8":{"start":{"line":50,"column":0},"end":{"line":50,"column":35}}},"fnMap":{},"branchMap":{},"s":{"0":1,"1":1,"2":1,"3":1,"4":1,"5":1,"6":1,"7":1,"8":1},"f":{},"b":{},"_coverageSchema":"1a1c01bbd47fc00a2c39e90264f33305004495a9","hash":"50773d7f104578e03f1c3e3f45456c4adc5f5e4f"}
,"F:\\jeniffer\\code\\Farmlybackend\\routes\\product.js": {"path":"F:\\jeniffer\\code\\Farmlybackend\\routes\\product.js","statementMap":{"0":{"start":{"line":4,"column":15},"end":{"line":4,"column":31}},"1":{"start":{"line":15,"column":0},"end":{"line":15,"column":39}},"2":{"start":{"line":16,"column":0},"end":{"line":16,"column":40}},"3":{"start":{"line":17,"column":0},"end":{"line":17,"column":47}},"4":{"start":{"line":18,"column":0},"end":{"line":18,"column":52}},"5":{"start":{"line":19,"column":0},"end":{"line":19,"column":49}},"6":{"start":{"line":20,"column":0},"end":{"line":20,"column":30}},"7":{"start":{"line":21,"column":0},"end":{"line":21,"column":33}},"8":{"start":{"line":22,"column":0},"end":{"line":22,"column":51}}},"fnMap":{},"branchMap":{},"s":{"0":1,"1":1,"2":1,"3":1,"4":1,"5":1,"6":1,"7":1,"8":1},"f":{},"b":{},"_coverageSchema":"1a1c01bbd47fc00a2c39e90264f33305004495a9","hash":"16a665e9141c65f07d9b75dbf2f54d8bbba1a0f4"}
,"F:\\jeniffer\\code\\Farmlybackend\\routes\\user.js": {"path":"F:\\jeniffer\\code\\Farmlybackend\\routes\\user.js","statementMap":{"0":{"start":{"line":12,"column":15},"end":{"line":12,"column":31}},"1":{"start":{"line":15,"column":0},"end":{"line":15,"column":31}},"2":{"start":{"line":16,"column":0},"end":{"line":16,"column":35}},"3":{"start":{"line":17,"column":0},"end":{"line":17,"column":33}},"4":{"start":{"line":18,"column":0},"end":{"line":18,"column":35}},"5":{"start":{"line":19,"column":0},"end":{"line":19,"column":33}},"6":{"start":{"line":20,"column":0},"end":{"line":20,"column":37}},"7":{"start":{"line":21,"column":0},"end":{"line":21,"column":40}},"8":{"start":{"line":22,"column":0},"end":{"line":22,"column":43}}},"fnMap":{},"branchMap":{},"s":{"0":1,"1":1,"2":1,"3":1,"4":1,"5":1,"6":1,"7":1,"8":1},"f":{},"b":{},"_coverageSchema":"1a1c01bbd47fc00a2c39e90264f33305004495a9","hash":"906cf655cd866f126bbf5a39367e9f66c9f36ad3"}
,"F:\\jeniffer\\code\\Farmlybackend\\tests\\testserver.js": {"path":"F:\\jeniffer\\code\\Farmlybackend\\tests\\testserver.js","statementMap":{"0":{"start":{"line":7,"column":0},"end":{"line":7,"column":16}},"1":{"start":{"line":9,"column":14},"end":{"line":9,"column":18}},"2":{"start":{"line":10,"column":12},"end":{"line":10,"column":21}},"3":{"start":{"line":11,"column":1},"end":{"line":11,"column":24}},"4":{"start":{"line":12,"column":0},"end":{"line":12,"column":16}},"5":{"start":{"line":13,"column":0},"end":{"line":13,"column":48}},"6":{"start":{"line":14,"column":0},"end":{"line":14,"column":24}},"7":{"start":{"line":20,"column":0},"end":{"line":20,"column":32}},"8":{"start":{"line":21,"column":0},"end":{"line":21,"column":28}},"9":{"start":{"line":22,"column":0},"end":{"line":22,"column":28}},"10":{"start":{"line":23,"column":0},"end":{"line":23,"column":31}},"11":{"start":{"line":24,"column":0},"end":{"line":24,"column":29}},"12":{"start":{"line":27,"column":0},"end":{"line":31,"column":2}},"13":{"start":{"line":28,"column":2},"end":{"line":30,"column":4}},"14":{"start":{"line":33,"column":0},"end":{"line":41,"column":3}},"15":{"start":{"line":34,"column":2},"end":{"line":40,"column":5}},"16":{"start":{"line":35,"column":4},"end":{"line":37,"column":5}},"17":{"start":{"line":36,"column":6},"end":{"line":36,"column":43}},"18":{"start":{"line":38,"column":17},"end":{"line":38,"column":33}},"19":{"start":{"line":39,"column":4},"end":{"line":39,"column":19}},"20":{"start":{"line":43,"column":15},"end":{"line":43,"column":31}},"21":{"start":{"line":45,"column":0},"end":{"line":45,"column":24}}},"fnMap":{"0":{"name":"(anonymous_0)","decl":{"start":{"line":27,"column":17},"end":{"line":27,"column":18}},"loc":{"start":{"line":28,"column":2},"end":{"line":30,"column":4}},"line":28},"1":{"name":"(anonymous_1)","decl":{"start":{"line":33,"column":13},"end":{"line":33,"column":14}},"loc":{"start":{"line":33,"column":27},"end":{"line":41,"column":1}},"line":33},"2":{"name":"(anonymous_2)","decl":{"start":{"line":34,"column":35},"end":{"line":34,"column":36}},"loc":{"start":{"line":34,"column":50},"end":{"line":40,"column":3}},"line":34}},"branchMap":{"0":{"loc":{"start":{"line":35,"column":4},"end":{"line":37,"column":5}},"type":"if","locations":[{"start":{"line":35,"column":4},"end":{"line":37,"column":5}},{"start":{"line":35,"column":4},"end":{"line":37,"column":5}}],"line":35}},"s":{"0":1,"1":1,"2":1,"3":1,"4":1,"5":1,"6":1,"7":1,"8":1,"9":1,"10":1,"11":1,"12":1,"13":0,"14":1,"15":0,"16":0,"17":0,"18":0,"19":0,"20":1,"21":1},"f":{"0":0,"1":0,"2":0},"b":{"0":[0,0]},"_coverageSchema":"1a1c01bbd47fc00a2c39e90264f33305004495a9","hash":"fec21d0f2881c96b069a6f257ebc43e3a101e1ea"}
}
